<?xml version="1.0" encoding="UTF-8"?>
<testng-results ignored="0" total="0" passed="0" failed="0" skipped="0">
  <reporter-output>
  </reporter-output>
  <suite started-at="2022-10-03T14:54:43 EET" name="Surefire suite" finished-at="2022-10-03T14:54:43 EET" duration-ms="6">
    <groups>
    </groups>
    <test started-at="2022-10-03T14:54:43 EET" name="Surefire test" finished-at="2022-10-03T14:54:43 EET" duration-ms="6">
      <class name="tests.TestBase">
        <test-method is-config="true" signature="StartDriver(java.lang.String)[pri:0, instance:tests.TestBase@55040f2f]" started-at="2022-10-03T14:54:39 EET" name="StartDriver" finished-at="2022-10-03T14:54:43 EET" duration-ms="3850" status="PASS">
          <params>
            <param index="0">
              <value>
                <![CDATA[chrome]]>
              </value>
            </param>
          </params>
          <reporter-output>
          </reporter-output>
        </test-method> <!-- StartDriver -->
        <test-method is-config="true" signature="CloseDriver()[pri:0, instance:tests.TestBase@55040f2f]" started-at="2022-10-03T14:54:43 EET" name="CloseDriver" finished-at="2022-10-03T14:54:43 EET" duration-ms="1" status="PASS">
          <reporter-output>
          </reporter-output>
        </test-method> <!-- CloseDriver -->
      </class> <!-- tests.TestBase -->
    </test> <!-- Surefire test -->
  </suite> <!-- Surefire suite -->
</testng-results>
